<?xml version="1.0" encoding="UTF-8"?>
<!-- Generated by org.testng.reporters.JUnitReportReporter -->
<testsuite hostname="Amma_Nanna" failures="0" tests="1" name="Project1.Drag_and_Drop" time="3.398" errors="0" timestamp="2024-08-16T17:28:41 IST" skipped="0">
  <testcase classname="Project1.Drag_and_Drop" name="Drag_Drop" time="3.398"/>
</testsuite> <!-- Project1.Drag_and_Drop -->
