<?xml version="1.0" encoding="UTF-8"?>
<!-- Generated by org.testng.reporters.JUnitReportReporter -->
<testsuite hostname="Amma_Nanna" failures="0" tests="1" name="Project1.formFill_AutoIT" time="0.168" errors="0" timestamp="2024-08-16T18:15:23 IST" skipped="0">
  <testcase classname="Project1.formFill_AutoIT" name="test1" time="0.168"/>
</testsuite> <!-- Project1.formFill_AutoIT -->
