<?xml version="1.0" encoding="UTF-8"?>
<!-- Generated by org.testng.reporters.JUnitReportReporter -->
<testsuite hostname="Amma_Nanna" failures="0" tests="1" name="Project1.Switching_Windows" time="1.889" errors="0" timestamp="2024-08-19T17:11:45 IST" skipped="0">
  <testcase classname="Project1.Switching_Windows" name="Test1" time="1.889"/>
</testsuite> <!-- Project1.Switching_Windows -->
