<?xml version="1.0" encoding="UTF-8"?>
<!-- Generated by org.testng.reporters.JUnitReportReporter -->
<testsuite hostname="Amma_Nanna" failures="0" tests="1" name="Project1.Demo1" time="0.006" errors="0" timestamp="2024-08-11T11:41:55 IST" skipped="0">
  <testcase classname="Project1.Demo1" name="test1" time="0.006"/>
</testsuite> <!-- Project1.Demo1 -->
